<?xml version="1.0" encoding="UTF-8"?>
<!-- Generated by org.testng.reporters.JUnitXMLReporter -->
<testsuite ignored="0" hostname="DESKTOP-CPPOPP6" failures="0" tests="1" name="Test" time="0.366" errors="0" timestamp="2025-05-23T19:09:40 IST">
  <testcase classname="Library.OpenBrowser" name="@BeforeClass automatebrowser" time="-1.748007580238E9">
    <failure type="org.testng.TestNGException" message="
Parameter &amp;apos;browser&amp;apos; is required by BeforeClass on method automatebrowser but has not been marked @Optional or defined
in C:\Users\SSK\eclipse-workspace\MyProject\testng.xml">
      <![CDATA[org.testng.TestNGException: 
Parameter 'browser' is required by BeforeClass on method automatebrowser but has not been marked @Optional or defined
in C:\Users\SSK\eclipse-workspace\MyProject\testng.xml
at java.base/java.util.ArrayList.forEach(ArrayList.java:1596)
... Removed 22 stack frames]]>
    </failure>
  </testcase> <!-- @BeforeClass automatebrowser -->
  <testcase classname="Library.OpenBrowser" name="@BeforeMethod Reporting" time="0.0">
    <skipped/>
  </testcase> <!-- @BeforeMethod Reporting -->
  <testcase classname="TestPrograms.TestLogins" name="@AfterClass CloseBrowser" time="0.0">
    <skipped/>
  </testcase> <!-- @AfterClass CloseBrowser -->
  <testcase classname="TestPrograms.TestLogins" name="Testing" time="0.0">
    <skipped/>
  </testcase> <!-- Testing -->
</testsuite> <!-- Test -->
